2020-07-08 23:33:28,487 - INFO - decorators:wrapper:31 - ()- MainThread - The "args_validation" function is called from the module -> server.py -> function:run_server()
2020-07-08 23:33:28,490 - INFO - decorators:wrapper:31 - ()- MainThread - The "new_listen_socket" function is called from the module -> server.py -> function:run_server()
2020-07-08 23:33:28,491 - ERROR - decorators:wrapper:37 - ()- MainThread - ERROR NAME: 'module' object is not callable
Traceback (most recent call last):
  File "/home/device/Рабочий стол/Client-server applications/common/decorators.py", line 34, in wrapper
    result = func(*args, **kwargs)
  File "/home/device/Рабочий стол/Client-server applications/common/utils.py", line 123, in new_listen_socket
    sock = socket(socket.AF_INET, socket.SOCK_STREAM)
TypeError: 'module' object is not callable
2020-07-08 23:36:29,009 - INFO - decorators:wrapper:31 - ()- MainThread - The "args_validation" function is called from the module -> server.py -> function:run_server()
2020-07-08 23:36:29,012 - INFO - decorators:wrapper:31 - ()- MainThread - The "new_listen_socket" function is called from the module -> server.py -> function:run_server()
2020-07-08 23:36:29,012 - ERROR - decorators:wrapper:37 - ()- MainThread - ERROR NAME: 'module' object is not callable
Traceback (most recent call last):
  File "/home/device/Рабочий стол/Client-server applications/common/decorators.py", line 34, in wrapper
    result = func(*args, **kwargs)
  File "/home/device/Рабочий стол/Client-server applications/common/utils.py", line 123, in new_listen_socket
    sock = socket(socket.AF_INET, socket.SOCK_STREAM)
TypeError: 'module' object is not callable
2020-07-08 23:38:55,426 - INFO - decorators:wrapper:31 - ()- MainThread - The "args_validation" function is called from the module -> server.py -> function:run_server()
2020-07-08 23:38:55,429 - INFO - decorators:wrapper:31 - ()- MainThread - The "new_listen_socket" function is called from the module -> server.py -> function:run_server()
2020-07-08 23:38:55,429 - ERROR - decorators:wrapper:37 - ()- MainThread - ERROR NAME: 'module' object is not callable
Traceback (most recent call last):
  File "/home/device/Рабочий стол/Client-server applications/common/decorators.py", line 34, in wrapper
    result = func(*args, **kwargs)
  File "/home/device/Рабочий стол/Client-server applications/common/utils.py", line 123, in new_listen_socket
    sock = socket(socket.AF_INET, socket.SOCK_STREAM)
TypeError: 'module' object is not callable
2020-07-08 23:40:00,392 - INFO - decorators:wrapper:31 - ()- MainThread - The "args_validation" function is called from the module -> server.py -> function:run_server()
2020-07-08 23:40:00,394 - INFO - decorators:wrapper:31 - ()- MainThread - The "new_listen_socket" function is called from the module -> server.py -> function:run_server()
2020-07-08 23:40:00,395 - ERROR - decorators:wrapper:37 - ()- MainThread - ERROR NAME: 'module' object is not callable
Traceback (most recent call last):
  File "/home/device/Рабочий стол/Client-server applications/common/decorators.py", line 34, in wrapper
    result = func(*args, **kwargs)
  File "/home/device/Рабочий стол/Client-server applications/common/utils.py", line 124, in new_listen_socket
    sock = socket(socket.AF_INET, socket.SOCK_STREAM)
TypeError: 'module' object is not callable
2020-07-08 23:40:25,671 - INFO - decorators:wrapper:31 - ()- MainThread - The "args_validation" function is called from the module -> server.py -> function:run_server()
2020-07-08 23:40:25,674 - INFO - decorators:wrapper:31 - ()- MainThread - The "new_listen_socket" function is called from the module -> server.py -> function:run_server()
2020-07-08 23:40:25,674 - ERROR - decorators:wrapper:37 - ()- MainThread - ERROR NAME: 'module' object is not callable
Traceback (most recent call last):
  File "/home/device/Рабочий стол/Client-server applications/common/decorators.py", line 34, in wrapper
    result = func(*args, **kwargs)
  File "/home/device/Рабочий стол/Client-server applications/common/utils.py", line 124, in new_listen_socket
    sock = socket(socket.AF_INET, socket.SOCK_STREAM)
TypeError: 'module' object is not callable
2020-07-08 23:40:44,781 - INFO - decorators:wrapper:31 - ()- MainThread - The "args_validation" function is called from the module -> server.py -> function:run_server()
2020-07-08 23:40:44,783 - INFO - decorators:wrapper:31 - ()- MainThread - The "new_listen_socket" function is called from the module -> server.py -> function:run_server()
2020-07-08 23:40:44,784 - ERROR - decorators:wrapper:37 - ()- MainThread - ERROR NAME: 'module' object is not callable
Traceback (most recent call last):
  File "/home/device/Рабочий стол/Client-server applications/common/decorators.py", line 34, in wrapper
    result = func(*args, **kwargs)
  File "/home/device/Рабочий стол/Client-server applications/common/utils.py", line 124, in new_listen_socket
    sock = socket(socket.AF_INET, socket.SOCK_STREAM)
TypeError: 'module' object is not callable
2020-07-08 23:41:27,892 - INFO - decorators:wrapper:31 - ()- MainThread - The "args_validation" function is called from the module -> server.py -> function:run_server()
2020-07-08 23:41:27,894 - INFO - decorators:wrapper:31 - ()- MainThread - The "new_listen_socket" function is called from the module -> server.py -> function:run_server()
2020-07-08 23:41:27,895 - ERROR - decorators:wrapper:37 - ()- MainThread - ERROR NAME: 'module' object is not callable
Traceback (most recent call last):
  File "/home/device/Рабочий стол/Client-server applications/common/decorators.py", line 34, in wrapper
    result = func(*args, **kwargs)
  File "/home/device/Рабочий стол/Client-server applications/common/utils.py", line 123, in new_listen_socket
    sock = socket(socket.AF_INET, socket.SOCK_STREAM)
TypeError: 'module' object is not callable
2020-07-08 23:41:47,690 - INFO - decorators:wrapper:31 - ()- MainThread - The "args_validation" function is called from the module -> server.py -> function:run_server()
2020-07-08 23:41:47,692 - INFO - decorators:wrapper:31 - ()- MainThread - The "new_listen_socket" function is called from the module -> server.py -> function:run_server()
2020-07-08 23:41:47,693 - ERROR - decorators:wrapper:37 - ()- MainThread - ERROR NAME: 'module' object is not callable
Traceback (most recent call last):
  File "/home/device/Рабочий стол/Client-server applications/common/decorators.py", line 34, in wrapper
    result = func(*args, **kwargs)
  File "/home/device/Рабочий стол/Client-server applications/common/utils.py", line 123, in new_listen_socket
    sock = socket(socket.AF_INET, socket.SOCK_STREAM)
TypeError: 'module' object is not callable
2020-07-08 23:42:34,698 - INFO - decorators:wrapper:31 - ()- MainThread - The "args_validation" function is called from the module -> server.py -> function:run_server()
2020-07-08 23:43:05,491 - INFO - decorators:wrapper:31 - ()- MainThread - The "args_validation" function is called from the module -> server.py -> function:run_server()
2020-07-08 23:43:40,536 - INFO - decorators:wrapper:31 - ()- MainThread - The "args_validation" function is called from the module -> server.py -> function:run_server()
2020-07-08 23:43:40,539 - INFO - decorators:wrapper:31 - ()- MainThread - The "new_listen_socket" function is called from the module -> server.py -> function:run_server()
2020-07-08 23:44:51,627 - INFO - decorators:wrapper:31 - ()- MainThread - The "args_validation" function is called from the module -> server.py -> function:run_server()
2020-07-08 23:44:51,630 - INFO - decorators:wrapper:31 - ()- MainThread - The "new_listen_socket" function is called from the module -> server.py -> function:run_server()
2020-07-08 23:46:00,309 - INFO - decorators:wrapper:31 - ()- MainThread - The "args_validation" function is called from the module -> server.py -> function:run_server()
2020-07-08 23:46:00,312 - INFO - decorators:wrapper:31 - ()- MainThread - The "new_listen_socket" function is called from the module -> server.py -> function:run_server()
2020-07-08 23:48:04,012 - INFO - decorators:wrapper:31 - ()- MainThread - The "args_validation" function is called from the module -> server.py -> function:run_server()
2020-07-08 23:48:04,015 - INFO - decorators:wrapper:31 - ()- MainThread - The "new_listen_socket" function is called from the module -> server.py -> function:run_server()
2020-07-08 23:50:18,051 - INFO - decorators:wrapper:31 - ()- MainThread - The "args_validation" function is called from the module -> server.py -> function:run_server()
2020-07-08 23:50:18,054 - INFO - decorators:wrapper:31 - ()- MainThread - The "new_listen_socket" function is called from the module -> server.py -> function:run_server()
2020-07-09 15:42:22,538 - INFO - decorators:wrapper:31 - ()- MainThread - The "args_validation" function is called from the module -> server.py -> function:run_server()
2020-07-09 15:42:22,541 - INFO - decorators:wrapper:31 - ()- MainThread - The "new_listen_socket" function is called from the module -> server.py -> function:run_server()
2020-07-09 15:43:29,538 - INFO - decorators:wrapper:31 - ()- MainThread - The "args_validation" function is called from the module -> server.py -> function:run_server()
2020-07-09 15:43:29,541 - INFO - decorators:wrapper:31 - ()- MainThread - The "new_listen_socket" function is called from the module -> server.py -> function:run_server()
2020-07-09 15:47:05,654 - INFO - decorators:wrapper:31 - ()- MainThread - The "args_validation" function is called from the module -> server.py -> function:run_server()
2020-07-09 15:47:05,657 - INFO - decorators:wrapper:31 - ()- MainThread - The "new_listen_socket" function is called from the module -> server.py -> function:run_server()
2020-07-09 15:48:13,606 - INFO - decorators:wrapper:31 - ()- MainThread - The "args_validation" function is called from the module -> server.py -> function:run_server()
2020-07-09 15:48:13,608 - INFO - decorators:wrapper:31 - ()- MainThread - The "new_listen_socket" function is called from the module -> server.py -> function:run_server()
2020-07-09 15:49:21,688 - INFO - decorators:wrapper:31 - ()- MainThread - The "args_validation" function is called from the module -> server.py -> function:run_server()
2020-07-09 15:49:21,691 - INFO - decorators:wrapper:31 - ()- MainThread - The "new_listen_socket" function is called from the module -> server.py -> function:run_server()
2020-07-09 15:49:47,099 - INFO - decorators:wrapper:31 - ()- MainThread - The "args_validation" function is called from the module -> server.py -> function:run_server()
2020-07-09 15:49:47,102 - INFO - decorators:wrapper:31 - ()- MainThread - The "new_listen_socket" function is called from the module -> server.py -> function:run_server()
2020-07-09 16:18:02,932 - INFO - decorators:wrapper:31 - ()- MainThread - The "args_validation" function is called from the module -> server.py -> function:run_server()
2020-07-09 16:18:02,936 - INFO - decorators:wrapper:31 - ()- MainThread - The "new_listen_socket" function is called from the module -> server.py -> function:run_server()
2020-07-09 16:18:34,092 - INFO - decorators:wrapper:31 - ()- MainThread - The "args_validation" function is called from the module -> server.py -> function:run_server()
2020-07-09 16:18:34,095 - INFO - decorators:wrapper:31 - ()- MainThread - The "new_listen_socket" function is called from the module -> server.py -> function:run_server()
2020-07-09 16:20:35,125 - INFO - decorators:wrapper:31 - ()- MainThread - The "args_validation" function is called from the module -> server.py -> function:run_server()
2020-07-09 16:20:35,128 - INFO - decorators:wrapper:31 - ()- MainThread - The "new_listen_socket" function is called from the module -> server.py -> function:run_server()
2020-07-09 16:22:29,006 - INFO - decorators:wrapper:31 - ()- MainThread - The "args_validation" function is called from the module -> server.py -> function:run_server()
2020-07-09 16:22:29,009 - INFO - decorators:wrapper:31 - ()- MainThread - The "new_listen_socket" function is called from the module -> server.py -> function:run_server()
2020-07-09 16:29:56,331 - INFO - decorators:wrapper:31 - ()- MainThread - The "args_validation" function is called from the module -> server.py -> function:run_server()
2020-07-09 16:29:56,334 - INFO - decorators:wrapper:31 - ()- MainThread - The "new_listen_socket" function is called from the module -> server.py -> function:run_server()
2020-07-09 16:33:03,180 - INFO - decorators:wrapper:31 - ()- MainThread - The "args_validation" function is called from the module -> server.py -> function:run_server()
2020-07-09 16:33:03,183 - INFO - decorators:wrapper:31 - ()- MainThread - The "new_listen_socket" function is called from the module -> server.py -> function:run_server()
2020-07-09 16:37:04,909 - INFO - decorators:wrapper:31 - ()- MainThread - The "args_validation" function is called from the module -> server.py -> function:run_server()
2020-07-09 16:37:04,913 - INFO - decorators:wrapper:31 - ()- MainThread - The "new_listen_socket" function is called from the module -> server.py -> function:run_server()
2020-07-09 17:24:14,328 - INFO - decorators:wrapper:31 - ()- MainThread - The "args_validation" function is called from the module -> server.py -> function:run_server()
2020-07-09 17:24:14,333 - INFO - decorators:wrapper:31 - ()- MainThread - The "new_listen_socket" function is called from the module -> server.py -> function:run_server()
2020-07-09 17:34:23,119 - INFO - decorators:wrapper:31 - ()- MainThread - The "args_validation" function is called from the module -> server.py -> function:run_server()
2020-07-09 17:34:23,123 - INFO - decorators:wrapper:31 - ()- MainThread - The "new_listen_socket" function is called from the module -> server.py -> function:run_server()
2020-07-09 17:45:14,750 - INFO - decorators:wrapper:31 - ()- MainThread - The "args_validation" function is called from the module -> server.py -> function:run_server()
2020-07-09 17:45:14,754 - INFO - decorators:wrapper:31 - ()- MainThread - The "new_listen_socket" function is called from the module -> server.py -> function:run_server()
2020-07-09 17:47:22,842 - INFO - decorators:wrapper:31 - ()- MainThread - The "args_validation" function is called from the module -> server.py -> function:run_server()
2020-07-09 17:47:22,844 - INFO - decorators:wrapper:31 - ()- MainThread - The "new_listen_socket" function is called from the module -> server.py -> function:run_server()
2020-07-09 17:50:00,971 - INFO - decorators:wrapper:31 - ()- MainThread - The "args_validation" function is called from the module -> server.py -> function:run_server()
2020-07-09 17:50:00,975 - INFO - decorators:wrapper:31 - ()- MainThread - The "new_listen_socket" function is called from the module -> server.py -> function:run_server()
2020-07-09 18:27:53,607 - INFO - decorators:wrapper:31 - ()- MainThread - The "args_validation" function is called from the module -> server.py -> function:run_server()
2020-07-09 18:27:53,612 - INFO - decorators:wrapper:31 - ()- MainThread - The "new_listen_socket" function is called from the module -> server.py -> function:run_server()
2020-07-09 18:30:54,824 - INFO - decorators:wrapper:31 - ()- MainThread - The "args_validation" function is called from the module -> server.py -> function:run_server()
2020-07-09 18:30:54,827 - INFO - decorators:wrapper:31 - ()- MainThread - The "new_listen_socket" function is called from the module -> server.py -> function:run_server()
2020-07-09 18:57:21,767 - INFO - decorators:wrapper:31 - ()- MainThread - The "args_validation" function is called from the module -> server.py -> function:run_server()
2020-07-09 18:57:21,769 - INFO - decorators:wrapper:31 - ()- MainThread - The "new_listen_socket" function is called from the module -> server.py -> function:run_server()
2020-07-09 18:57:26,664 - INFO - decorators:wrapper:31 - ()- MainThread - The "receive_message" function is called from the module -> server.py -> function:run_server()
2020-07-09 18:57:32,883 - INFO - decorators:wrapper:31 - ()- MainThread - The "receive_message" function is called from the module -> server.py -> function:run_server()
2020-07-09 18:57:34,994 - INFO - decorators:wrapper:31 - ()- MainThread - The "receive_message" function is called from the module -> server.py -> function:run_server()
2020-07-09 18:57:40,919 - INFO - decorators:wrapper:31 - ()- MainThread - The "receive_message" function is called from the module -> server.py -> function:run_server()
2020-07-09 19:04:49,340 - INFO - decorators:wrapper:31 - ()- MainThread - The "args_validation" function is called from the module -> server.py -> function:run_server()
2020-07-09 19:04:49,343 - INFO - decorators:wrapper:31 - ()- MainThread - The "new_listen_socket" function is called from the module -> server.py -> function:run_server()
2020-07-09 19:04:55,330 - INFO - decorators:wrapper:31 - ()- MainThread - The "receive_message" function is called from the module -> server.py -> function:run_server()
2020-07-09 19:05:00,766 - INFO - decorators:wrapper:31 - ()- MainThread - The "receive_message" function is called from the module -> server.py -> function:run_server()
2020-07-09 19:05:07,109 - INFO - decorators:wrapper:31 - ()- MainThread - The "receive_message" function is called from the module -> server.py -> function:run_server()
2020-07-09 19:05:12,806 - INFO - decorators:wrapper:31 - ()- MainThread - The "receive_message" function is called from the module -> server.py -> function:run_server()
2020-07-09 19:05:12,809 - INFO - decorators:wrapper:31 - ()- MainThread - The "receive_message" function is called from the module -> server.py -> function:run_server()
2020-07-09 19:06:33,851 - INFO - decorators:wrapper:31 - ()- MainThread - The "args_validation" function is called from the module -> server.py -> function:run_server()
2020-07-09 19:06:33,855 - INFO - decorators:wrapper:31 - ()- MainThread - The "new_listen_socket" function is called from the module -> server.py -> function:run_server()
2020-07-09 19:06:38,679 - INFO - decorators:wrapper:31 - ()- MainThread - The "receive_message" function is called from the module -> server.py -> function:run_server()
2020-07-09 19:06:42,781 - INFO - decorators:wrapper:31 - ()- MainThread - The "receive_message" function is called from the module -> server.py -> function:run_server()
2020-07-09 19:06:45,624 - INFO - decorators:wrapper:31 - ()- MainThread - The "receive_message" function is called from the module -> server.py -> function:run_server()
2020-07-09 19:06:50,971 - INFO - decorators:wrapper:31 - ()- MainThread - The "receive_message" function is called from the module -> server.py -> function:run_server()
2020-07-09 19:06:50,974 - INFO - decorators:wrapper:31 - ()- MainThread - The "receive_message" function is called from the module -> server.py -> function:run_server()
2020-07-09 19:07:41,588 - INFO - decorators:wrapper:31 - ()- MainThread - The "args_validation" function is called from the module -> server.py -> function:run_server()
2020-07-09 19:07:41,591 - INFO - decorators:wrapper:31 - ()- MainThread - The "new_listen_socket" function is called from the module -> server.py -> function:run_server()
2020-07-09 19:07:46,400 - INFO - decorators:wrapper:31 - ()- MainThread - The "receive_message" function is called from the module -> server.py -> function:run_server()
2020-07-09 19:07:48,719 - INFO - decorators:wrapper:31 - ()- MainThread - The "receive_message" function is called from the module -> server.py -> function:run_server()
2020-07-09 19:07:57,449 - INFO - decorators:wrapper:31 - ()- MainThread - The "receive_message" function is called from the module -> server.py -> function:run_server()
2020-07-09 19:07:59,058 - INFO - decorators:wrapper:31 - ()- MainThread - The "receive_message" function is called from the module -> server.py -> function:run_server()
2020-07-09 19:08:03,041 - INFO - decorators:wrapper:31 - ()- MainThread - The "receive_message" function is called from the module -> server.py -> function:run_server()
2020-07-09 19:08:03,045 - INFO - decorators:wrapper:31 - ()- MainThread - The "receive_message" function is called from the module -> server.py -> function:run_server()
2020-07-09 19:08:31,694 - INFO - decorators:wrapper:31 - ()- MainThread - The "receive_message" function is called from the module -> server.py -> function:run_server()
2020-07-09 19:08:34,964 - INFO - decorators:wrapper:31 - ()- MainThread - The "args_validation" function is called from the module -> server.py -> function:run_server()
2020-07-09 19:08:34,968 - INFO - decorators:wrapper:31 - ()- MainThread - The "new_listen_socket" function is called from the module -> server.py -> function:run_server()
2020-07-09 19:08:38,346 - INFO - decorators:wrapper:31 - ()- MainThread - The "receive_message" function is called from the module -> server.py -> function:run_server()
2020-07-09 19:08:43,048 - INFO - decorators:wrapper:31 - ()- MainThread - The "receive_message" function is called from the module -> server.py -> function:run_server()
2020-07-09 19:08:45,441 - INFO - decorators:wrapper:31 - ()- MainThread - The "receive_message" function is called from the module -> server.py -> function:run_server()
2020-07-09 19:08:58,621 - INFO - decorators:wrapper:31 - ()- MainThread - The "receive_message" function is called from the module -> server.py -> function:run_server()
2020-07-09 19:08:58,627 - INFO - decorators:wrapper:31 - ()- MainThread - The "receive_message" function is called from the module -> server.py -> function:run_server()
2020-07-09 19:09:03,076 - INFO - decorators:wrapper:31 - ()- MainThread - The "receive_message" function is called from the module -> server.py -> function:run_server()
2020-07-09 19:09:03,081 - INFO - decorators:wrapper:31 - ()- MainThread - The "receive_message" function is called from the module -> server.py -> function:run_server()
2020-07-09 19:10:02,491 - INFO - decorators:wrapper:31 - ()- MainThread - The "args_validation" function is called from the module -> server.py -> function:run_server()
2020-07-09 19:10:02,495 - INFO - decorators:wrapper:31 - ()- MainThread - The "new_listen_socket" function is called from the module -> server.py -> function:run_server()
2020-07-09 19:10:07,194 - INFO - decorators:wrapper:31 - ()- MainThread - The "receive_message" function is called from the module -> server.py -> function:run_server()
2020-07-09 19:10:09,466 - INFO - decorators:wrapper:31 - ()- MainThread - The "receive_message" function is called from the module -> server.py -> function:run_server()
2020-07-09 19:10:11,418 - INFO - decorators:wrapper:31 - ()- MainThread - The "receive_message" function is called from the module -> server.py -> function:run_server()
2020-07-09 19:11:23,029 - INFO - decorators:wrapper:31 - ()- MainThread - The "args_validation" function is called from the module -> server.py -> function:run_server()
2020-07-09 19:11:23,032 - INFO - decorators:wrapper:31 - ()- MainThread - The "new_listen_socket" function is called from the module -> server.py -> function:run_server()
2020-07-09 19:11:28,728 - INFO - decorators:wrapper:31 - ()- MainThread - The "receive_message" function is called from the module -> server.py -> function:run_server()
2020-07-09 19:11:30,557 - INFO - decorators:wrapper:31 - ()- MainThread - The "receive_message" function is called from the module -> server.py -> function:run_server()
2020-07-09 19:12:26,811 - INFO - decorators:wrapper:31 - ()- MainThread - The "args_validation" function is called from the module -> server.py -> function:run_server()
2020-07-09 19:12:26,815 - INFO - decorators:wrapper:31 - ()- MainThread - The "new_listen_socket" function is called from the module -> server.py -> function:run_server()
2020-07-09 19:12:33,077 - INFO - decorators:wrapper:31 - ()- MainThread - The "receive_message" function is called from the module -> server.py -> function:run_server()
2020-07-09 19:12:35,523 - INFO - decorators:wrapper:31 - ()- MainThread - The "receive_message" function is called from the module -> server.py -> function:run_server()
2020-07-09 19:17:56,696 - INFO - decorators:wrapper:31 - ()- MainThread - The "args_validation" function is called from the module -> server.py -> function:run_server()
2020-07-09 19:17:56,698 - INFO - decorators:wrapper:31 - ()- MainThread - The "new_listen_socket" function is called from the module -> server.py -> function:run_server()
2020-07-09 19:18:03,906 - INFO - decorators:wrapper:31 - ()- MainThread - The "receive_message" function is called from the module -> server.py -> function:run_server()
2020-07-09 19:18:07,437 - INFO - decorators:wrapper:31 - ()- MainThread - The "receive_message" function is called from the module -> server.py -> function:run_server()
2020-07-09 19:19:52,149 - INFO - decorators:wrapper:31 - ()- MainThread - The "args_validation" function is called from the module -> server.py -> function:run_server()
2020-07-09 19:19:52,151 - INFO - decorators:wrapper:31 - ()- MainThread - The "new_listen_socket" function is called from the module -> server.py -> function:run_server()
2020-07-09 19:19:58,379 - INFO - decorators:wrapper:31 - ()- MainThread - The "receive_message" function is called from the module -> server.py -> function:run_server()
2020-07-09 19:20:10,584 - INFO - decorators:wrapper:31 - ()- MainThread - The "receive_message" function is called from the module -> server.py -> function:run_server()
2020-07-09 19:20:13,282 - INFO - decorators:wrapper:31 - ()- MainThread - The "receive_message" function is called from the module -> server.py -> function:run_server()
2020-07-09 19:20:14,572 - INFO - decorators:wrapper:31 - ()- MainThread - The "receive_message" function is called from the module -> server.py -> function:run_server()
2020-07-09 19:20:19,127 - INFO - decorators:wrapper:31 - ()- MainThread - The "receive_message" function is called from the module -> server.py -> function:run_server()
2020-07-09 19:20:21,247 - INFO - decorators:wrapper:31 - ()- MainThread - The "receive_message" function is called from the module -> server.py -> function:run_server()
2020-07-09 19:20:22,969 - INFO - decorators:wrapper:31 - ()- MainThread - The "receive_message" function is called from the module -> server.py -> function:run_server()
2020-07-09 19:20:46,853 - INFO - decorators:wrapper:31 - ()- MainThread - The "receive_message" function is called from the module -> server.py -> function:run_server()
2020-07-09 19:20:49,648 - INFO - decorators:wrapper:31 - ()- MainThread - The "receive_message" function is called from the module -> server.py -> function:run_server()
2020-07-09 19:21:53,198 - INFO - decorators:wrapper:31 - ()- MainThread - The "args_validation" function is called from the module -> server.py -> function:run_server()
2020-07-09 19:21:53,202 - INFO - decorators:wrapper:31 - ()- MainThread - The "new_listen_socket" function is called from the module -> server.py -> function:run_server()
2020-07-09 19:21:59,193 - INFO - decorators:wrapper:31 - ()- MainThread - The "receive_message" function is called from the module -> server.py -> function:run_server()
2020-07-09 19:22:05,063 - INFO - decorators:wrapper:31 - ()- MainThread - The "receive_message" function is called from the module -> server.py -> function:run_server()
2020-07-09 19:22:42,628 - INFO - decorators:wrapper:31 - ()- MainThread - The "args_validation" function is called from the module -> server.py -> function:run_server()
2020-07-09 19:22:42,632 - INFO - decorators:wrapper:31 - ()- MainThread - The "new_listen_socket" function is called from the module -> server.py -> function:run_server()
2020-07-09 19:24:48,671 - INFO - decorators:wrapper:31 - ()- MainThread - The "receive_message" function is called from the module -> server.py -> function:run_server()
2020-07-09 19:24:52,057 - INFO - decorators:wrapper:31 - ()- MainThread - The "receive_message" function is called from the module -> server.py -> function:run_server()
2020-07-09 19:24:53,948 - INFO - decorators:wrapper:31 - ()- MainThread - The "receive_message" function is called from the module -> server.py -> function:run_server()
2020-07-09 19:24:55,665 - INFO - decorators:wrapper:31 - ()- MainThread - The "receive_message" function is called from the module -> server.py -> function:run_server()
2020-07-09 19:25:24,924 - INFO - decorators:wrapper:31 - ()- MainThread - The "receive_message" function is called from the module -> server.py -> function:run_server()
2020-07-09 19:25:26,154 - INFO - decorators:wrapper:31 - ()- MainThread - The "receive_message" function is called from the module -> server.py -> function:run_server()
2020-07-09 19:25:30,483 - INFO - decorators:wrapper:31 - ()- MainThread - The "receive_message" function is called from the module -> server.py -> function:run_server()
2020-07-09 19:25:30,488 - INFO - decorators:wrapper:31 - ()- MainThread - The "receive_message" function is called from the module -> server.py -> function:run_server()
2020-07-09 19:25:54,020 - INFO - decorators:wrapper:31 - ()- MainThread - The "receive_message" function is called from the module -> server.py -> function:run_server()
2020-07-09 19:25:57,722 - INFO - decorators:wrapper:31 - ()- MainThread - The "args_validation" function is called from the module -> server.py -> function:run_server()
2020-07-09 19:25:57,727 - INFO - decorators:wrapper:31 - ()- MainThread - The "new_listen_socket" function is called from the module -> server.py -> function:run_server()
2020-07-09 19:26:03,634 - INFO - decorators:wrapper:31 - ()- MainThread - The "receive_message" function is called from the module -> server.py -> function:run_server()
2020-07-09 19:26:05,889 - INFO - decorators:wrapper:31 - ()- MainThread - The "receive_message" function is called from the module -> server.py -> function:run_server()
2020-07-09 19:26:24,454 - INFO - decorators:wrapper:31 - ()- MainThread - The "receive_message" function is called from the module -> server.py -> function:run_server()
2020-07-09 19:26:26,718 - INFO - decorators:wrapper:31 - ()- MainThread - The "receive_message" function is called from the module -> server.py -> function:run_server()
2020-07-09 19:26:27,985 - INFO - decorators:wrapper:31 - ()- MainThread - The "receive_message" function is called from the module -> server.py -> function:run_server()
2020-07-09 19:26:30,301 - INFO - decorators:wrapper:31 - ()- MainThread - The "receive_message" function is called from the module -> server.py -> function:run_server()
2020-07-09 19:26:45,488 - INFO - decorators:wrapper:31 - ()- MainThread - The "receive_message" function is called from the module -> server.py -> function:run_server()
2020-07-09 19:26:46,435 - INFO - decorators:wrapper:31 - ()- MainThread - The "receive_message" function is called from the module -> server.py -> function:run_server()
2020-07-09 19:26:50,111 - INFO - decorators:wrapper:31 - ()- MainThread - The "receive_message" function is called from the module -> server.py -> function:run_server()
2020-07-09 19:27:07,695 - INFO - decorators:wrapper:31 - ()- MainThread - The "receive_message" function is called from the module -> server.py -> function:run_server()
2020-07-09 19:27:09,400 - INFO - decorators:wrapper:31 - ()- MainThread - The "receive_message" function is called from the module -> server.py -> function:run_server()
2020-07-09 19:27:26,647 - INFO - decorators:wrapper:31 - ()- MainThread - The "receive_message" function is called from the module -> server.py -> function:run_server()
2020-07-09 19:27:28,475 - INFO - decorators:wrapper:31 - ()- MainThread - The "receive_message" function is called from the module -> server.py -> function:run_server()
2020-07-09 19:27:30,876 - INFO - decorators:wrapper:31 - ()- MainThread - The "receive_message" function is called from the module -> server.py -> function:run_server()
2020-07-09 19:27:56,790 - INFO - decorators:wrapper:31 - ()- MainThread - The "receive_message" function is called from the module -> server.py -> function:run_server()
2020-07-09 19:27:59,263 - INFO - decorators:wrapper:31 - ()- MainThread - The "receive_message" function is called from the module -> server.py -> function:run_server()
2020-07-09 19:28:00,419 - INFO - decorators:wrapper:31 - ()- MainThread - The "receive_message" function is called from the module -> server.py -> function:run_server()
2020-07-09 19:29:58,036 - INFO - decorators:wrapper:31 - ()- MainThread - The "receive_message" function is called from the module -> server.py -> function:run_server()
2020-07-09 19:30:03,786 - INFO - decorators:wrapper:31 - ()- MainThread - The "args_validation" function is called from the module -> server.py -> function:run_server()
2020-07-09 19:30:03,791 - INFO - decorators:wrapper:31 - ()- MainThread - The "new_listen_socket" function is called from the module -> server.py -> function:run_server()
2020-07-09 19:30:07,886 - INFO - decorators:wrapper:31 - ()- MainThread - The "receive_message" function is called from the module -> server.py -> function:run_server()
2020-07-09 19:30:14,002 - INFO - decorators:wrapper:31 - ()- MainThread - The "receive_message" function is called from the module -> server.py -> function:run_server()
2020-07-09 19:30:58,180 - INFO - decorators:wrapper:31 - ()- MainThread - The "receive_message" function is called from the module -> server.py -> function:run_server()
2020-07-09 19:31:24,503 - INFO - decorators:wrapper:31 - ()- MainThread - The "args_validation" function is called from the module -> server.py -> function:run_server()
2020-07-09 19:31:24,507 - INFO - decorators:wrapper:31 - ()- MainThread - The "new_listen_socket" function is called from the module -> server.py -> function:run_server()
2020-07-09 19:31:31,465 - INFO - decorators:wrapper:31 - ()- MainThread - The "receive_message" function is called from the module -> server.py -> function:run_server()
2020-07-09 19:31:37,982 - INFO - decorators:wrapper:31 - ()- MainThread - The "receive_message" function is called from the module -> server.py -> function:run_server()
2020-07-09 19:31:39,577 - INFO - decorators:wrapper:31 - ()- MainThread - The "receive_message" function is called from the module -> server.py -> function:run_server()
2020-07-09 19:31:44,919 - INFO - decorators:wrapper:31 - ()- MainThread - The "receive_message" function is called from the module -> server.py -> function:run_server()
2020-07-09 19:31:44,922 - INFO - decorators:wrapper:31 - ()- MainThread - The "receive_message" function is called from the module -> server.py -> function:run_server()
2020-07-09 19:33:21,310 - INFO - decorators:wrapper:31 - ()- MainThread - The "args_validation" function is called from the module -> server.py -> function:run_server()
2020-07-09 19:33:21,313 - INFO - decorators:wrapper:31 - ()- MainThread - The "new_listen_socket" function is called from the module -> server.py -> function:run_server()
2020-07-09 19:33:33,396 - INFO - decorators:wrapper:31 - ()- MainThread - The "receive_message" function is called from the module -> server.py -> function:run_server()
2020-07-09 19:33:42,779 - INFO - decorators:wrapper:31 - ()- MainThread - The "receive_message" function is called from the module -> server.py -> function:run_server()
2020-07-09 19:33:43,996 - INFO - decorators:wrapper:31 - ()- MainThread - The "receive_message" function is called from the module -> server.py -> function:run_server()
2020-07-09 19:33:47,981 - INFO - decorators:wrapper:31 - ()- MainThread - The "receive_message" function is called from the module -> server.py -> function:run_server()
2020-07-09 19:33:47,984 - INFO - decorators:wrapper:31 - ()- MainThread - The "receive_message" function is called from the module -> server.py -> function:run_server()
2020-07-09 19:34:45,663 - INFO - decorators:wrapper:31 - ()- MainThread - The "args_validation" function is called from the module -> server.py -> function:run_server()
2020-07-09 19:34:45,668 - INFO - decorators:wrapper:31 - ()- MainThread - The "new_listen_socket" function is called from the module -> server.py -> function:run_server()
2020-07-09 19:34:51,177 - INFO - decorators:wrapper:31 - ()- MainThread - The "receive_message" function is called from the module -> server.py -> function:run_server()
2020-07-09 19:34:57,461 - INFO - decorators:wrapper:31 - ()- MainThread - The "receive_message" function is called from the module -> server.py -> function:run_server()
2020-07-09 19:34:59,140 - INFO - decorators:wrapper:31 - ()- MainThread - The "receive_message" function is called from the module -> server.py -> function:run_server()
2020-07-09 19:35:04,378 - INFO - decorators:wrapper:31 - ()- MainThread - The "receive_message" function is called from the module -> server.py -> function:run_server()
2020-07-09 19:35:04,381 - INFO - decorators:wrapper:31 - ()- MainThread - The "receive_message" function is called from the module -> server.py -> function:run_server()
2020-07-09 19:36:42,120 - INFO - decorators:wrapper:31 - ()- MainThread - The "receive_message" function is called from the module -> server.py -> function:run_server()
2020-07-09 19:36:42,126 - INFO - decorators:wrapper:31 - ()- MainThread - The "receive_message" function is called from the module -> server.py -> function:run_server()
2020-07-09 19:36:44,971 - INFO - decorators:wrapper:31 - ()- MainThread - The "receive_message" function is called from the module -> server.py -> function:run_server()
2020-07-09 19:36:46,702 - INFO - decorators:wrapper:31 - ()- MainThread - The "receive_message" function is called from the module -> server.py -> function:run_server()
2020-07-09 19:36:47,895 - INFO - decorators:wrapper:31 - ()- MainThread - The "receive_message" function is called from the module -> server.py -> function:run_server()
2020-07-09 19:38:22,785 - INFO - decorators:wrapper:31 - ()- MainThread - The "args_validation" function is called from the module -> server.py -> function:run_server()
2020-07-09 19:38:22,788 - INFO - decorators:wrapper:31 - ()- MainThread - The "new_listen_socket" function is called from the module -> server.py -> function:run_server()
2020-07-09 19:38:26,727 - INFO - decorators:wrapper:31 - ()- MainThread - The "receive_message" function is called from the module -> server.py -> function:run_server()
2020-07-09 19:38:31,434 - INFO - decorators:wrapper:31 - ()- MainThread - The "receive_message" function is called from the module -> server.py -> function:run_server()
2020-07-09 19:38:35,571 - INFO - decorators:wrapper:31 - ()- MainThread - The "receive_message" function is called from the module -> server.py -> function:run_server()
2020-07-09 19:38:39,991 - INFO - decorators:wrapper:31 - ()- MainThread - The "receive_message" function is called from the module -> server.py -> function:run_server()
2020-07-09 19:38:39,995 - INFO - decorators:wrapper:31 - ()- MainThread - The "receive_message" function is called from the module -> server.py -> function:run_server()
2020-07-09 19:40:00,439 - INFO - decorators:wrapper:31 - ()- MainThread - The "receive_message" function is called from the module -> server.py -> function:run_server()
2020-07-09 19:40:07,137 - INFO - decorators:wrapper:31 - ()- MainThread - The "args_validation" function is called from the module -> server.py -> function:run_server()
2020-07-09 19:40:07,141 - INFO - decorators:wrapper:31 - ()- MainThread - The "new_listen_socket" function is called from the module -> server.py -> function:run_server()
2020-07-09 19:40:16,829 - INFO - decorators:wrapper:31 - ()- MainThread - The "receive_message" function is called from the module -> server.py -> function:run_server()
2020-07-09 19:40:21,416 - INFO - decorators:wrapper:31 - ()- MainThread - The "receive_message" function is called from the module -> server.py -> function:run_server()
2020-07-09 19:40:23,505 - INFO - decorators:wrapper:31 - ()- MainThread - The "receive_message" function is called from the module -> server.py -> function:run_server()
2020-07-09 19:40:27,833 - INFO - decorators:wrapper:31 - ()- MainThread - The "receive_message" function is called from the module -> server.py -> function:run_server()
2020-07-09 19:40:27,837 - INFO - decorators:wrapper:31 - ()- MainThread - The "receive_message" function is called from the module -> server.py -> function:run_server()
2020-07-09 19:41:17,723 - INFO - decorators:wrapper:31 - ()- MainThread - The "receive_message" function is called from the module -> server.py -> function:run_server()
2020-07-09 19:41:22,814 - INFO - decorators:wrapper:31 - ()- MainThread - The "args_validation" function is called from the module -> server.py -> function:run_server()
2020-07-09 19:41:22,816 - INFO - decorators:wrapper:31 - ()- MainThread - The "new_listen_socket" function is called from the module -> server.py -> function:run_server()
2020-07-09 19:41:26,915 - INFO - decorators:wrapper:31 - ()- MainThread - The "receive_message" function is called from the module -> server.py -> function:run_server()
2020-07-09 19:41:35,601 - INFO - decorators:wrapper:31 - ()- MainThread - The "receive_message" function is called from the module -> server.py -> function:run_server()
2020-07-09 19:41:37,353 - INFO - decorators:wrapper:31 - ()- MainThread - The "receive_message" function is called from the module -> server.py -> function:run_server()
2020-07-09 19:41:42,202 - INFO - decorators:wrapper:31 - ()- MainThread - The "receive_message" function is called from the module -> server.py -> function:run_server()
2020-07-09 19:41:42,209 - INFO - decorators:wrapper:31 - ()- MainThread - The "receive_message" function is called from the module -> server.py -> function:run_server()
2020-07-09 19:42:05,446 - INFO - decorators:wrapper:31 - ()- MainThread - The "receive_message" function is called from the module -> server.py -> function:run_server()
2020-07-09 19:42:09,735 - INFO - decorators:wrapper:31 - ()- MainThread - The "args_validation" function is called from the module -> server.py -> function:run_server()
2020-07-09 19:42:09,738 - INFO - decorators:wrapper:31 - ()- MainThread - The "new_listen_socket" function is called from the module -> server.py -> function:run_server()
2020-07-09 19:42:13,739 - INFO - decorators:wrapper:31 - ()- MainThread - The "receive_message" function is called from the module -> server.py -> function:run_server()
2020-07-09 19:42:18,180 - INFO - decorators:wrapper:31 - ()- MainThread - The "receive_message" function is called from the module -> server.py -> function:run_server()
2020-07-09 19:42:20,065 - INFO - decorators:wrapper:31 - ()- MainThread - The "receive_message" function is called from the module -> server.py -> function:run_server()
2020-07-09 19:42:24,514 - INFO - decorators:wrapper:31 - ()- MainThread - The "receive_message" function is called from the module -> server.py -> function:run_server()
2020-07-09 19:42:24,518 - INFO - decorators:wrapper:31 - ()- MainThread - The "receive_message" function is called from the module -> server.py -> function:run_server()
2020-07-09 19:43:18,882 - INFO - decorators:wrapper:31 - ()- MainThread - The "receive_message" function is called from the module -> server.py -> function:run_server()
2020-07-09 19:43:23,339 - INFO - decorators:wrapper:31 - ()- MainThread - The "args_validation" function is called from the module -> server.py -> function:run_server()
2020-07-09 19:43:23,343 - INFO - decorators:wrapper:31 - ()- MainThread - The "new_listen_socket" function is called from the module -> server.py -> function:run_server()
2020-07-09 19:43:28,669 - INFO - decorators:wrapper:31 - ()- MainThread - The "receive_message" function is called from the module -> server.py -> function:run_server()
2020-07-09 19:43:33,251 - INFO - decorators:wrapper:31 - ()- MainThread - The "receive_message" function is called from the module -> server.py -> function:run_server()
2020-07-09 19:43:34,318 - INFO - decorators:wrapper:31 - ()- MainThread - The "receive_message" function is called from the module -> server.py -> function:run_server()
2020-07-09 19:43:38,459 - INFO - decorators:wrapper:31 - ()- MainThread - The "receive_message" function is called from the module -> server.py -> function:run_server()
2020-07-09 19:43:38,464 - INFO - decorators:wrapper:31 - ()- MainThread - The "receive_message" function is called from the module -> server.py -> function:run_server()
2020-07-09 19:44:55,485 - INFO - decorators:wrapper:31 - ()- MainThread - The "receive_message" function is called from the module -> server.py -> function:run_server()
2020-07-09 19:45:00,038 - INFO - decorators:wrapper:31 - ()- MainThread - The "receive_message" function is called from the module -> server.py -> function:run_server()
2020-07-09 19:45:05,015 - INFO - decorators:wrapper:31 - ()- MainThread - The "receive_message" function is called from the module -> server.py -> function:run_server()
2020-07-09 19:45:06,173 - INFO - decorators:wrapper:31 - ()- MainThread - The "receive_message" function is called from the module -> server.py -> function:run_server()
2020-07-09 19:45:10,783 - INFO - decorators:wrapper:31 - ()- MainThread - The "receive_message" function is called from the module -> server.py -> function:run_server()
2020-07-09 19:45:10,786 - INFO - decorators:wrapper:31 - ()- MainThread - The "receive_message" function is called from the module -> server.py -> function:run_server()
2020-07-09 19:46:22,787 - INFO - decorators:wrapper:31 - ()- MainThread - The "args_validation" function is called from the module -> server.py -> function:run_server()
2020-07-09 19:46:22,789 - INFO - decorators:wrapper:31 - ()- MainThread - The "new_listen_socket" function is called from the module -> server.py -> function:run_server()
2020-07-09 19:46:29,830 - INFO - decorators:wrapper:31 - ()- MainThread - The "receive_message" function is called from the module -> server.py -> function:run_server()
2020-07-09 19:46:34,636 - INFO - decorators:wrapper:31 - ()- MainThread - The "receive_message" function is called from the module -> server.py -> function:run_server()
2020-07-09 19:46:36,237 - INFO - decorators:wrapper:31 - ()- MainThread - The "receive_message" function is called from the module -> server.py -> function:run_server()
2020-07-09 19:49:24,733 - INFO - decorators:wrapper:31 - ()- MainThread - The "args_validation" function is called from the module -> server.py -> function:run_server()
2020-07-09 19:49:24,736 - INFO - decorators:wrapper:31 - ()- MainThread - The "new_listen_socket" function is called from the module -> server.py -> function:run_server()
2020-07-09 19:49:30,342 - INFO - decorators:wrapper:31 - ()- MainThread - The "receive_message" function is called from the module -> server.py -> function:run_server()
2020-07-09 19:49:36,798 - INFO - decorators:wrapper:31 - ()- MainThread - The "receive_message" function is called from the module -> server.py -> function:run_server()
2020-07-09 19:49:38,312 - INFO - decorators:wrapper:31 - ()- MainThread - The "receive_message" function is called from the module -> server.py -> function:run_server()
2020-07-09 19:49:41,881 - INFO - decorators:wrapper:31 - ()- MainThread - The "receive_message" function is called from the module -> server.py -> function:run_server()
2020-07-09 19:49:41,886 - INFO - decorators:wrapper:31 - ()- MainThread - The "receive_message" function is called from the module -> server.py -> function:run_server()
2020-07-09 19:58:00,552 - INFO - decorators:wrapper:31 - ()- MainThread - The "receive_message" function is called from the module -> server.py -> function:run_server()
2020-07-09 19:58:03,576 - INFO - decorators:wrapper:31 - ()- MainThread - The "receive_message" function is called from the module -> server.py -> function:run_server()
2020-07-09 19:59:05,742 - INFO - decorators:wrapper:31 - ()- MainThread - The "receive_message" function is called from the module -> server.py -> function:run_server()
2020-07-09 19:59:08,756 - INFO - decorators:wrapper:31 - ()- MainThread - The "receive_message" function is called from the module -> server.py -> function:run_server()
2020-07-09 19:59:11,401 - INFO - decorators:wrapper:31 - ()- MainThread - The "receive_message" function is called from the module -> server.py -> function:run_server()
2020-07-09 19:59:25,470 - INFO - decorators:wrapper:31 - ()- MainThread - The "receive_message" function is called from the module -> server.py -> function:run_server()
2020-07-09 20:00:37,951 - INFO - decorators:wrapper:31 - ()- MainThread - The "receive_message" function is called from the module -> server.py -> function:run_server()
2020-07-09 20:00:39,814 - INFO - decorators:wrapper:31 - ()- MainThread - The "receive_message" function is called from the module -> server.py -> function:run_server()
2020-07-09 20:00:46,543 - INFO - decorators:wrapper:31 - ()- MainThread - The "receive_message" function is called from the module -> server.py -> function:run_server()
2020-07-09 20:00:48,688 - INFO - decorators:wrapper:31 - ()- MainThread - The "receive_message" function is called from the module -> server.py -> function:run_server()
2020-07-09 20:00:54,007 - INFO - decorators:wrapper:31 - ()- MainThread - The "receive_message" function is called from the module -> server.py -> function:run_server()
2020-07-09 20:00:54,010 - INFO - decorators:wrapper:31 - ()- MainThread - The "receive_message" function is called from the module -> server.py -> function:run_server()
2020-07-09 20:02:10,298 - INFO - decorators:wrapper:31 - ()- MainThread - The "receive_message" function is called from the module -> server.py -> function:run_server()
2020-07-09 20:02:14,542 - INFO - decorators:wrapper:31 - ()- MainThread - The "receive_message" function is called from the module -> server.py -> function:run_server()
2020-07-09 20:02:17,807 - INFO - decorators:wrapper:31 - ()- MainThread - The "receive_message" function is called from the module -> server.py -> function:run_server()
2020-07-09 20:02:19,840 - INFO - decorators:wrapper:31 - ()- MainThread - The "receive_message" function is called from the module -> server.py -> function:run_server()
2020-07-09 20:02:24,714 - INFO - decorators:wrapper:31 - ()- MainThread - The "receive_message" function is called from the module -> server.py -> function:run_server()
2020-07-09 20:02:24,717 - INFO - decorators:wrapper:31 - ()- MainThread - The "receive_message" function is called from the module -> server.py -> function:run_server()
2020-07-09 20:03:01,098 - INFO - decorators:wrapper:31 - ()- MainThread - The "receive_message" function is called from the module -> server.py -> function:run_server()
2020-07-09 20:03:05,089 - INFO - decorators:wrapper:31 - ()- MainThread - The "receive_message" function is called from the module -> server.py -> function:run_server()
2020-07-09 20:03:09,839 - INFO - decorators:wrapper:31 - ()- MainThread - The "receive_message" function is called from the module -> server.py -> function:run_server()
2020-07-09 20:03:11,383 - INFO - decorators:wrapper:31 - ()- MainThread - The "receive_message" function is called from the module -> server.py -> function:run_server()
2020-07-09 20:03:15,748 - INFO - decorators:wrapper:31 - ()- MainThread - The "receive_message" function is called from the module -> server.py -> function:run_server()
2020-07-09 20:03:15,753 - INFO - decorators:wrapper:31 - ()- MainThread - The "receive_message" function is called from the module -> server.py -> function:run_server()
2020-07-09 20:04:37,829 - INFO - decorators:wrapper:31 - ()- MainThread - The "receive_message" function is called from the module -> server.py -> function:run_server()
2020-07-09 20:04:41,360 - INFO - decorators:wrapper:31 - ()- MainThread - The "receive_message" function is called from the module -> server.py -> function:run_server()
2020-07-09 20:04:43,355 - INFO - decorators:wrapper:31 - ()- MainThread - The "receive_message" function is called from the module -> server.py -> function:run_server()
2020-07-09 20:04:44,716 - INFO - decorators:wrapper:31 - ()- MainThread - The "receive_message" function is called from the module -> server.py -> function:run_server()
2020-07-09 20:04:49,354 - INFO - decorators:wrapper:31 - ()- MainThread - The "receive_message" function is called from the module -> server.py -> function:run_server()
2020-07-09 20:04:49,358 - INFO - decorators:wrapper:31 - ()- MainThread - The "receive_message" function is called from the module -> server.py -> function:run_server()
2020-07-09 20:05:51,099 - INFO - decorators:wrapper:31 - ()- MainThread - The "receive_message" function is called from the module -> server.py -> function:run_server()
2020-07-09 20:05:54,251 - INFO - decorators:wrapper:31 - ()- MainThread - The "receive_message" function is called from the module -> server.py -> function:run_server()
2020-07-09 20:05:59,925 - INFO - decorators:wrapper:31 - ()- MainThread - The "receive_message" function is called from the module -> server.py -> function:run_server()
2020-07-09 20:06:01,519 - INFO - decorators:wrapper:31 - ()- MainThread - The "receive_message" function is called from the module -> server.py -> function:run_server()
2020-07-09 20:06:07,785 - INFO - decorators:wrapper:31 - ()- MainThread - The "receive_message" function is called from the module -> server.py -> function:run_server()
2020-07-09 20:06:15,183 - INFO - decorators:wrapper:31 - ()- MainThread - The "receive_message" function is called from the module -> server.py -> function:run_server()
2020-07-09 20:06:19,061 - INFO - decorators:wrapper:31 - ()- MainThread - The "receive_message" function is called from the module -> server.py -> function:run_server()
2020-07-09 20:06:24,082 - INFO - decorators:wrapper:31 - ()- MainThread - The "receive_message" function is called from the module -> server.py -> function:run_server()
2020-07-09 20:06:28,391 - INFO - decorators:wrapper:31 - ()- MainThread - The "receive_message" function is called from the module -> server.py -> function:run_server()
